Testing with N=1
ltl allHaltAndAgree: (<> ([] ((numDone==1)))) && ([] ((! ((globalLeader!=(1+1)))) || ([] ((globalLeader!=(1+1))))))

(Spin Version 6.4.3 -- 16 December 2014)
	+ Partial Order Reduction

Full statespace search for:
	never claim         	+ (allHaltAndAgree)
	assertion violations	+ (if within scope of claim)
	acceptance   cycles 	+ (fairness disabled)
	invalid end states	- (disabled by never claim)

State-vector 48 byte, depth reached 51, errors: 0
       83 states, stored (126 visited)
       76 states, matched
      202 transitions (= visited+matched)
       14 atomic steps
hash conflicts:         0 (resolved)

Stats on memory usage (in Megabytes):
    0.006	equivalent memory usage for states (stored*(State-vector + overhead))
    0.279	actual memory usage for states
  128.000	memory used for hash table (-w24)
    0.534	memory used for DFS stack (-m10000)
  128.730	total actual memory usage


unreached in init
	(0 of 18 states)
unreached in proctype RingMember
	(0 of 41 states)
unreached in claim allHaltAndAgree
	_spin_nvr.tmp:31, state 46, "-end-"
	(1 of 46 states)

pan: elapsed time 0.01 seconds
Testing with N=2
ltl allHaltAndAgree: (<> ([] ((numDone==2)))) && ([] ((! ((globalLeader!=(2+1)))) || ([] ((globalLeader!=(2+1))))))

(Spin Version 6.4.3 -- 16 December 2014)
	+ Partial Order Reduction

Full statespace search for:
	never claim         	+ (allHaltAndAgree)
	assertion violations	+ (if within scope of claim)
	acceptance   cycles 	+ (fairness disabled)
	invalid end states	- (disabled by never claim)

State-vector 64 byte, depth reached 107, errors: 0
      745 states, stored (1136 visited)
     1288 states, matched
     2424 transitions (= visited+matched)
      120 atomic steps
hash conflicts:         0 (resolved)

Stats on memory usage (in Megabytes):
    0.065	equivalent memory usage for states (stored*(State-vector + overhead))
    0.279	actual memory usage for states
  128.000	memory used for hash table (-w24)
    0.534	memory used for DFS stack (-m10000)
  128.730	total actual memory usage


unreached in init
	(0 of 18 states)
unreached in proctype RingMember
	(0 of 41 states)
unreached in claim allHaltAndAgree
	_spin_nvr.tmp:31, state 46, "-end-"
	(1 of 46 states)

pan: elapsed time 0 seconds
Testing with N=3
ltl allHaltAndAgree: (<> ([] ((numDone==3)))) && ([] ((! ((globalLeader!=(3+1)))) || ([] ((globalLeader!=(3+1))))))

(Spin Version 6.4.3 -- 16 December 2014)
	+ Partial Order Reduction

Full statespace search for:
	never claim         	+ (allHaltAndAgree)
	assertion violations	+ (if within scope of claim)
	acceptance   cycles 	+ (fairness disabled)
	invalid end states	- (disabled by never claim)

State-vector 80 byte, depth reached 178, errors: 0
     5682 states, stored (8647 visited)
    14848 states, matched
    23495 transitions (= visited+matched)
      987 atomic steps
hash conflicts:         0 (resolved)

Stats on memory usage (in Megabytes):
    0.585	equivalent memory usage for states (stored*(State-vector + overhead))
    0.670	actual memory usage for states
  128.000	memory used for hash table (-w24)
    0.534	memory used for DFS stack (-m10000)
  129.120	total actual memory usage


unreached in init
	(0 of 18 states)
unreached in proctype RingMember
	(0 of 41 states)
unreached in claim allHaltAndAgree
	_spin_nvr.tmp:31, state 46, "-end-"
	(1 of 46 states)

pan: elapsed time 0.04 seconds
pan: rate    216175 states/second
Testing with N=4
ltl allHaltAndAgree: (<> ([] ((numDone==4)))) && ([] ((! ((globalLeader!=(4+1)))) || ([] ((globalLeader!=(4+1))))))

(Spin Version 6.4.3 -- 16 December 2014)
	+ Partial Order Reduction

Full statespace search for:
	never claim         	+ (allHaltAndAgree)
	assertion violations	+ (if within scope of claim)
	acceptance   cycles 	+ (fairness disabled)
	invalid end states	- (disabled by never claim)

State-vector 96 byte, depth reached 265, errors: 0
    39796 states, stored (60445 visited)
   137494 states, matched
   197939 transitions (= visited+matched)
     7920 atomic steps
hash conflicts:        61 (resolved)

Stats on memory usage (in Megabytes):
    4.706	equivalent memory usage for states (stored*(State-vector + overhead))
    3.796	actual memory usage for states (compression: 80.67%)
         	state-vector as stored = 72 byte + 28 byte overhead
  128.000	memory used for hash table (-w24)
    0.534	memory used for DFS stack (-m10000)
  132.245	total actual memory usage


unreached in init
	(0 of 18 states)
unreached in proctype RingMember
	(0 of 41 states)
unreached in claim allHaltAndAgree
	_spin_nvr.tmp:31, state 46, "-end-"
	(1 of 46 states)

pan: elapsed time 0.23 seconds
pan: rate 262804.35 states/second
Testing with N=5
ltl allHaltAndAgree: (<> ([] ((numDone==5)))) && ([] ((! ((globalLeader!=(5+1)))) || ([] ((globalLeader!=(5+1))))))

(Spin Version 6.4.3 -- 16 December 2014)
	+ Partial Order Reduction

Full statespace search for:
	never claim         	+ (allHaltAndAgree)
	assertion violations	+ (if within scope of claim)
	acceptance   cycles 	+ (fairness disabled)
	invalid end states	- (disabled by never claim)

State-vector 112 byte, depth reached 368, errors: 0
   262805 states, stored (398640 visited)
  1118024 states, matched
  1516664 transitions (= visited+matched)
    60485 atomic steps
hash conflicts:      3958 (resolved)

Stats on memory usage (in Megabytes):
   35.088	equivalent memory usage for states (stored*(State-vector + overhead))
   28.024	actual memory usage for states (compression: 79.87%)
         	state-vector as stored = 84 byte + 28 byte overhead
  128.000	memory used for hash table (-w24)
    0.534	memory used for DFS stack (-m10000)
  156.464	total actual memory usage


unreached in init
	(0 of 18 states)
unreached in proctype RingMember
	(0 of 41 states)
unreached in claim allHaltAndAgree
	_spin_nvr.tmp:31, state 46, "-end-"
	(1 of 46 states)

pan: elapsed time 1.21 seconds
pan: rate 329454.55 states/second
Testing with N=6
ltl allHaltAndAgree: (<> ([] ((numDone==6)))) && ([] ((! ((globalLeader!=(6+1)))) || ([] ((globalLeader!=(6+1))))))
Depth=     487 States=    1e+06 Transitions= 4.64e+06 Memory=   185.761	t=     3.83 R=   3e+05
Depth=     487 States=    2e+06 Transitions=  8.7e+06 Memory=   259.101	t=     7.22 R=   3e+05

(Spin Version 6.4.3 -- 16 December 2014)
	+ Partial Order Reduction

Full statespace search for:
	never claim         	+ (allHaltAndAgree)
	assertion violations	+ (if within scope of claim)
	acceptance   cycles 	+ (fairness disabled)
	invalid end states	- (disabled by never claim)

State-vector 128 byte, depth reached 487, errors: 0
  1665503 states, stored (2.52409e+06 visited)
  8351935 states, matched
 10876021 transitions (= visited+matched)
   438462 atomic steps
hash conflicts:    188261 (resolved)

Stats on memory usage (in Megabytes):
  247.782	equivalent memory usage for states (stored*(State-vector + overhead))
  190.688	actual memory usage for states (compression: 76.96%)
         	state-vector as stored = 92 byte + 28 byte overhead
  128.000	memory used for hash table (-w24)
    0.534	memory used for DFS stack (-m10000)
  319.062	total actual memory usage


unreached in init
	(0 of 18 states)
unreached in proctype RingMember
	(0 of 41 states)
unreached in claim allHaltAndAgree
	_spin_nvr.tmp:31, state 46, "-end-"
	(1 of 46 states)

pan: elapsed time 9.06 seconds
pan: rate 278596.69 states/second
Testing with N=7
ltl allHaltAndAgree: (<> ([] ((numDone==7)))) && ([] ((! ((globalLeader!=(7+1)))) || ([] ((globalLeader!=(7+1))))))
Depth=     622 States=    1e+06 Transitions=  5.3e+06 Memory=   193.476	t=     4.69 R=   2e+05
Depth=     622 States=    2e+06 Transitions=    1e+07 Memory=   258.222	t=     8.93 R=   2e+05
Depth=     622 States=    3e+06 Transitions= 1.49e+07 Memory=   323.065	t=     13.2 R=   2e+05
Depth=     622 States=    4e+06 Transitions= 2.03e+07 Memory=   387.909	t=       18 R=   2e+05
Depth=     622 States=    5e+06 Transitions= 2.57e+07 Memory=   452.655	t=     22.7 R=   2e+05
Depth=     622 States=    6e+06 Transitions= 3.11e+07 Memory=   517.401	t=     27.4 R=   2e+05
Depth=     622 States=    7e+06 Transitions= 3.65e+07 Memory=   582.147	t=     32.1 R=   2e+05
Depth=     622 States=    8e+06 Transitions= 4.17e+07 Memory=   647.089	t=     36.8 R=   2e+05
Depth=     622 States=    9e+06 Transitions= 4.55e+07 Memory=   712.030	t=     40.6 R=   2e+05
Depth=     622 States=    1e+07 Transitions= 4.94e+07 Memory=   776.972	t=     44.3 R=   2e+05
Depth=     622 States=  1.1e+07 Transitions= 5.32e+07 Memory=   871.503	t=       48 R=   2e+05
Depth=     622 States=  1.2e+07 Transitions=  5.8e+07 Memory=  1001.093	t=     52.8 R=   2e+05
Depth=     622 States=  1.3e+07 Transitions= 6.32e+07 Memory=  1130.683	t=     57.8 R=   2e+05
Depth=     622 States=  1.4e+07 Transitions= 6.84e+07 Memory=  1260.272	t=     62.7 R=   2e+05
Depth=     622 States=  1.5e+07 Transitions= 7.28e+07 Memory=  1390.058	t=     67.2 R=   2e+05

(Spin Version 6.4.3 -- 16 December 2014)
	+ Partial Order Reduction

Full statespace search for:
	never claim         	+ (allHaltAndAgree)
	assertion violations	+ (if within scope of claim)
	acceptance   cycles 	+ (fairness disabled)
	invalid end states	- (disabled by never claim)

State-vector 152 byte, depth reached 622, errors: 0
 10243090 states, stored (1.55136e+07 visited)
 58784423 states, matched
 74297996 transitions (= visited+matched)
  3036334 atomic steps
hash conflicts:   8338891 (resolved)

Stats on memory usage (in Megabytes):
 1758.343	equivalent memory usage for states (stored*(State-vector + overhead))
 1329.880	actual memory usage for states (compression: 75.63%)
         	state-vector as stored = 108 byte + 28 byte overhead
  128.000	memory used for hash table (-w24)
    0.534	memory used for DFS stack (-m10000)
    1.658	memory lost to fragmentation
 1456.757	total actual memory usage


unreached in init
	(0 of 18 states)
unreached in proctype RingMember
	(0 of 41 states)
unreached in claim allHaltAndAgree
	_spin_nvr.tmp:31, state 46, "-end-"
	(1 of 46 states)

pan: elapsed time 68.9 seconds
pan: rate  225291.5 states/second
Testing with N=8
ltl allHaltAndAgree: (<> ([] ((numDone==8)))) && ([] ((! ((globalLeader!=(8+1)))) || ([] ((globalLeader!=(8+1))))))
Depth=     773 States=    1e+06 Transitions= 5.28e+06 Memory=   200.214	t=     5.08 R=   2e+05
Depth=     773 States=    2e+06 Transitions= 1.13e+07 Memory=   271.991	t=     10.7 R=   2e+05
Depth=     773 States=    3e+06 Transitions= 1.75e+07 Memory=   343.866	t=     16.4 R=   2e+05
Depth=     773 States=    4e+06 Transitions= 2.36e+07 Memory=   415.644	t=     22.1 R=   2e+05
Depth=     773 States=    5e+06 Transitions= 2.96e+07 Memory=   487.616	t=     27.7 R=   2e+05
Depth=     773 States=    6e+06 Transitions=  3.4e+07 Memory=   559.589	t=     32.1 R=   2e+05
Depth=     773 States=    7e+06 Transitions= 3.83e+07 Memory=   631.952	t=     36.5 R=   2e+05
Depth=     773 States=    8e+06 Transitions= 4.31e+07 Memory=   703.437	t=     41.1 R=   2e+05
Depth=     773 States=    9e+06 Transitions= 4.94e+07 Memory=   775.312	t=     47.1 R=   2e+05
Depth=     773 States=    1e+07 Transitions= 5.59e+07 Memory=   846.894	t=       53 R=   2e+05
Depth=     773 States=  1.1e+07 Transitions= 6.21e+07 Memory=   918.671	t=     58.9 R=   2e+05
Depth=     773 States=  1.2e+07 Transitions= 6.77e+07 Memory=   991.034	t=     64.2 R=   2e+05
Depth=     773 States=  1.3e+07 Transitions= 7.25e+07 Memory=  1062.909	t=     69.1 R=   2e+05
Depth=     773 States=  1.4e+07 Transitions= 7.78e+07 Memory=  1134.784	t=     74.2 R=   2e+05
Depth=     773 States=  1.5e+07 Transitions= 8.37e+07 Memory=  1206.659	t=     79.9 R=   2e+05
Depth=     773 States=  1.6e+07 Transitions= 8.95e+07 Memory=  1278.437	t=     85.4 R=   2e+05
Depth=     773 States=  1.7e+07 Transitions= 9.53e+07 Memory=  1350.312	t=     91.1 R=   2e+05
Depth=     773 States=  1.8e+07 Transitions= 1.01e+08 Memory=  1422.187	t=     96.7 R=   2e+05
Depth=     773 States=  1.9e+07 Transitions= 1.07e+08 Memory=  1494.159	t=      102 R=   2e+05
Depth=     773 States=    2e+07 Transitions= 1.12e+08 Memory=  1564.081	t=      107 R=   2e+05
Depth=     773 States=  2.1e+07 Transitions= 1.17e+08 Memory=  1635.858	t=      112 R=   2e+05
Depth=     773 States=  2.2e+07 Transitions= 1.23e+08 Memory=  1708.417	t=      118 R=   2e+05
Depth=     773 States=  2.3e+07 Transitions=  1.3e+08 Memory=  1780.976	t=      124 R=   2e+05
Depth=     773 States=  2.4e+07 Transitions= 1.37e+08 Memory=  1853.339	t=      130 R=   2e+05
Depth=     773 States=  2.5e+07 Transitions= 1.42e+08 Memory=  1925.116	t=      136 R=   2e+05
Depth=     773 States=  2.6e+07 Transitions= 1.48e+08 Memory=  1996.894	t=      141 R=   2e+05
Depth=     773 States=  2.7e+07 Transitions= 1.54e+08 Memory=  2068.769	t=      147 R=   2e+05
Depth=     773 States=  2.8e+07 Transitions=  1.6e+08 Memory=  2140.644	t=      154 R=   2e+05
Depth=     773 States=  2.9e+07 Transitions= 1.66e+08 Memory=  2212.421	t=      159 R=   2e+05
Depth=     773 States=    3e+07 Transitions= 1.71e+08 Memory=  2284.687	t=      165 R=   2e+05
Depth=     773 States=  3.1e+07 Transitions= 1.78e+08 Memory=  2355.585	t=      171 R=   2e+05
Depth=     773 States=  3.2e+07 Transitions= 1.88e+08 Memory=  2428.144	t=      180 R=   2e+05
Depth=     773 States=  3.3e+07 Transitions= 1.91e+08 Memory=  2500.702	t=      183 R=   2e+05
Depth=     773 States=  3.4e+07 Transitions= 1.97e+08 Memory=  2573.261	t=      189 R=   2e+05
pan: resizing hashtable to -w26..  done
Depth=     773 States=  3.5e+07 Transitions= 2.02e+08 Memory=  3141.218	t=      197 R=   2e+05
Depth=     773 States=  3.6e+07 Transitions= 2.08e+08 Memory=  3212.897	t=      202 R=   2e+05
Depth=     773 States=  3.7e+07 Transitions= 2.14e+08 Memory=  3284.772	t=      208 R=   2e+05
Depth=     773 States=  3.8e+07 Transitions= 2.21e+08 Memory=  3356.550	t=      215 R=   2e+05
Depth=     773 States=  3.9e+07 Transitions= 2.27e+08 Memory=  3428.425	t=      221 R=   2e+05
Depth=     773 States=    4e+07 Transitions= 2.32e+08 Memory=  3499.812	t=      226 R=   2e+05
Depth=     773 States=  4.1e+07 Transitions= 2.38e+08 Memory=  3570.124	t=      231 R=   2e+05
Depth=     773 States=  4.2e+07 Transitions= 2.44e+08 Memory=  3642.683	t=      236 R=   2e+05
Depth=     773 States=  4.3e+07 Transitions= 2.51e+08 Memory=  3715.241	t=      243 R=   2e+05
Depth=     773 States=  4.4e+07 Transitions= 2.57e+08 Memory=  3787.800	t=      249 R=   2e+05
Depth=     773 States=  4.5e+07 Transitions= 2.63e+08 Memory=  3860.358	t=      254 R=   2e+05
Depth=     773 States=  4.6e+07 Transitions= 2.67e+08 Memory=  3932.917	t=      259 R=   2e+05
Depth=     773 States=  4.7e+07 Transitions= 2.72e+08 Memory=  4005.378	t=      264 R=   2e+05
Depth=     773 States=  4.8e+07 Transitions= 2.76e+08 Memory=  4077.741	t=      268 R=   2e+05
Depth=     773 States=  4.9e+07 Transitions=  2.8e+08 Memory=  4150.105	t=      272 R=   2e+05
Depth=     773 States=    5e+07 Transitions= 2.84e+08 Memory=  4222.663	t=      277 R=   2e+05
Depth=     773 States=  5.1e+07 Transitions= 2.88e+08 Memory=  4294.831	t=      281 R=   2e+05
Depth=     773 States=  5.2e+07 Transitions= 2.92e+08 Memory=  4367.194	t=      285 R=   2e+05
Depth=     773 States=  5.3e+07 Transitions= 2.96e+08 Memory=  4439.558	t=      288 R=   2e+05
Depth=     773 States=  5.4e+07 Transitions=    3e+08 Memory=  4511.823	t=      293 R=   2e+05
Depth=     773 States=  5.5e+07 Transitions= 3.05e+08 Memory=  4584.187	t=      298 R=   2e+05
Depth=     773 States=  5.6e+07 Transitions= 3.09e+08 Memory=  4656.550	t=      302 R=   2e+05
Depth=     773 States=  5.7e+07 Transitions= 3.13e+08 Memory=  4729.108	t=      306 R=   2e+05
Depth=     773 States=  5.8e+07 Transitions= 3.17e+08 Memory=  4801.667	t=      310 R=   2e+05
Depth=     773 States=  5.9e+07 Transitions= 3.21e+08 Memory=  4874.128	t=      314 R=   2e+05
Depth=     773 States=    6e+07 Transitions= 3.24e+08 Memory=  4946.687	t=      318 R=   2e+05
Depth=     773 States=  6.1e+07 Transitions= 3.28e+08 Memory=  5019.245	t=      322 R=   2e+05
Depth=     773 States=  6.2e+07 Transitions= 3.32e+08 Memory=  5091.804	t=      326 R=   2e+05
Depth=     773 States=  6.3e+07 Transitions= 3.36e+08 Memory=  5164.167	t=      330 R=   2e+05
Depth=     773 States=  6.4e+07 Transitions=  3.4e+08 Memory=  5287.605	t=      334 R=   2e+05
Depth=     773 States=  6.5e+07 Transitions= 3.43e+08 Memory=  5431.550	t=      337 R=   2e+05
Depth=     773 States=  6.6e+07 Transitions=  3.5e+08 Memory=  5575.105	t=      345 R=   2e+05
Depth=     773 States=  6.7e+07 Transitions= 3.56e+08 Memory=  5718.855	t=      351 R=   2e+05
Depth=     773 States=  6.8e+07 Transitions=  3.6e+08 Memory=  5862.800	t=      355 R=   2e+05
Depth=     773 States=  6.9e+07 Transitions= 3.66e+08 Memory=  6006.159	t=      362 R=   2e+05
Depth=     773 States=    7e+07 Transitions= 3.72e+08 Memory=  6150.202	t=      368 R=   2e+05
Depth=     773 States=  7.1e+07 Transitions= 3.76e+08 Memory=  6293.855	t=      372 R=   2e+05
Depth=     773 States=  7.2e+07 Transitions= 3.82e+08 Memory=  6437.702	t=      379 R=   2e+05
Depth=     773 States=  7.3e+07 Transitions= 3.89e+08 Memory=  6581.159	t=      386 R=   2e+05
Depth=     773 States=  7.4e+07 Transitions= 3.93e+08 Memory=  6725.105	t=      390 R=   2e+05
Depth=     773 States=  7.5e+07 Transitions=    4e+08 Memory=  6868.366	t=      397 R=   2e+05
Depth=     773 States=  7.6e+07 Transitions= 4.05e+08 Memory=  7012.312	t=      403 R=   2e+05
Depth=     773 States=  7.7e+07 Transitions= 4.09e+08 Memory=  7156.159	t=      409 R=   2e+05
Depth=     773 States=  7.8e+07 Transitions= 4.17e+08 Memory=  7299.812	t=      424 R=   2e+05
Depth=     773 States=  7.9e+07 Transitions= 4.22e+08 Memory=  7443.855	t=      551 R=   1e+05
Depth=     773 States=    8e+07 Transitions= 4.29e+08 Memory=  7588.190	t=      796 R=   1e+05
Depth=     773 States=  8.1e+07 Transitions= 4.34e+08 Memory=  7732.429	t= 1.16e+03 R=   7e+04
Depth=     773 States=  8.2e+07 Transitions= 4.38e+08 Memory=  7876.081	t=  1.7e+03 R=   5e+04
Interrupted

(Spin Version 6.4.3 -- 16 December 2014)
Warning: Search not completed
	+ Partial Order Reduction

Full statespace search for:
	never claim         	+ (allHaltAndAgree)
	assertion violations	+ (if within scope of claim)
	acceptance   cycles 	+ (fairness disabled)
	invalid end states	- (disabled by never claim)

State-vector 168 byte, depth reached 773, errors: 0
 51344623 states, stored (8.29852e+07 visited)
3.6335995e+08 states, matched
4.4634515e+08 transitions (= visited+matched)
 16571000 atomic steps
hash conflicts:  99806705 (resolved)

Stats on memory usage (in Megabytes):
 9597.345	equivalent memory usage for states (stored*(State-vector + overhead))
 7511.514	actual memory usage for states (compression: 78.27%)
         	state-vector as stored = 125 byte + 28 byte overhead
  512.000	memory used for hash table (-w26)
    0.534	memory used for DFS stack (-m10000)
    6.464	memory lost to fragmentation
 8017.585	total actual memory usage



pan: elapsed time 2.72e+03 seconds
pan: rate  30523.29 states/second
